Not Found: /favicon.ico
Not Found: /favicon.ico
Not Found: /favicon.ico
Not Found: /favicon.ico
Not Found: /favicon.ico
Invalid HTTP_HOST header: 'www.newhalisi.mediacrest.africa'. You may need to add 'www.newhalisi.mediacrest.africa' to ALLOWED_HOSTS.
Traceback (most recent call last):
  File "/home/mediacrest/virtualenv/newhalisi/3.11/lib/python3.11/site-packages/django/core/handlers/exception.py", line 55, in inner
    response = get_response(request)
               ^^^^^^^^^^^^^^^^^^^^^
  File "/home/mediacrest/virtualenv/newhalisi/3.11/lib/python3.11/site-packages/django/utils/deprecation.py", line 133, in __call__
    response = self.process_request(request)
               ^^^^^^^^^^^^^^^^^^^^^^^^^^^^^
  File "/home/mediacrest/virtualenv/newhalisi/3.11/lib/python3.11/site-packages/django/middleware/common.py", line 48, in process_request
    host = request.get_host()
           ^^^^^^^^^^^^^^^^^^
  File "/home/mediacrest/virtualenv/newhalisi/3.11/lib/python3.11/site-packages/django/http/request.py", line 167, in get_host
    raise DisallowedHost(msg)
django.core.exceptions.DisallowedHost: Invalid HTTP_HOST header: 'www.newhalisi.mediacrest.africa'. You may need to add 'www.newhalisi.mediacrest.africa' to ALLOWED_HOSTS.
Bad Request: /
Invalid HTTP_HOST header: 'www.newhalisi.mediacrest.africa'. You may need to add 'www.newhalisi.mediacrest.africa' to ALLOWED_HOSTS.
Traceback (most recent call last):
  File "/home/mediacrest/virtualenv/newhalisi/3.11/lib/python3.11/site-packages/django/core/handlers/exception.py", line 55, in inner
    response = get_response(request)
               ^^^^^^^^^^^^^^^^^^^^^
  File "/home/mediacrest/virtualenv/newhalisi/3.11/lib/python3.11/site-packages/django/utils/deprecation.py", line 133, in __call__
    response = self.process_request(request)
               ^^^^^^^^^^^^^^^^^^^^^^^^^^^^^
  File "/home/mediacrest/virtualenv/newhalisi/3.11/lib/python3.11/site-packages/django/middleware/common.py", line 48, in process_request
    host = request.get_host()
           ^^^^^^^^^^^^^^^^^^
  File "/home/mediacrest/virtualenv/newhalisi/3.11/lib/python3.11/site-packages/django/http/request.py", line 167, in get_host
    raise DisallowedHost(msg)
django.core.exceptions.DisallowedHost: Invalid HTTP_HOST header: 'www.newhalisi.mediacrest.africa'. You may need to add 'www.newhalisi.mediacrest.africa' to ALLOWED_HOSTS.
Bad Request: /favicon.ico
Invalid HTTP_HOST header: 'www.newhalisi.mediacrest.africa'. You may need to add 'www.newhalisi.mediacrest.africa' to ALLOWED_HOSTS.
Traceback (most recent call last):
  File "/home/mediacrest/virtualenv/newhalisi/3.11/lib/python3.11/site-packages/django/core/handlers/exception.py", line 55, in inner
    response = get_response(request)
               ^^^^^^^^^^^^^^^^^^^^^
  File "/home/mediacrest/virtualenv/newhalisi/3.11/lib/python3.11/site-packages/django/utils/deprecation.py", line 133, in __call__
    response = self.process_request(request)
               ^^^^^^^^^^^^^^^^^^^^^^^^^^^^^
  File "/home/mediacrest/virtualenv/newhalisi/3.11/lib/python3.11/site-packages/django/middleware/common.py", line 48, in process_request
    host = request.get_host()
           ^^^^^^^^^^^^^^^^^^
  File "/home/mediacrest/virtualenv/newhalisi/3.11/lib/python3.11/site-packages/django/http/request.py", line 167, in get_host
    raise DisallowedHost(msg)
django.core.exceptions.DisallowedHost: Invalid HTTP_HOST header: 'www.newhalisi.mediacrest.africa'. You may need to add 'www.newhalisi.mediacrest.africa' to ALLOWED_HOSTS.
Bad Request: /
Invalid HTTP_HOST header: 'www.newhalisi.mediacrest.africa'. You may need to add 'www.newhalisi.mediacrest.africa' to ALLOWED_HOSTS.
Traceback (most recent call last):
  File "/home/mediacrest/virtualenv/newhalisi/3.11/lib/python3.11/site-packages/django/core/handlers/exception.py", line 55, in inner
    response = get_response(request)
               ^^^^^^^^^^^^^^^^^^^^^
  File "/home/mediacrest/virtualenv/newhalisi/3.11/lib/python3.11/site-packages/django/utils/deprecation.py", line 133, in __call__
    response = self.process_request(request)
               ^^^^^^^^^^^^^^^^^^^^^^^^^^^^^
  File "/home/mediacrest/virtualenv/newhalisi/3.11/lib/python3.11/site-packages/django/middleware/common.py", line 48, in process_request
    host = request.get_host()
           ^^^^^^^^^^^^^^^^^^
  File "/home/mediacrest/virtualenv/newhalisi/3.11/lib/python3.11/site-packages/django/http/request.py", line 167, in get_host
    raise DisallowedHost(msg)
django.core.exceptions.DisallowedHost: Invalid HTTP_HOST header: 'www.newhalisi.mediacrest.africa'. You may need to add 'www.newhalisi.mediacrest.africa' to ALLOWED_HOSTS.
Bad Request: /favicon.ico
Invalid HTTP_HOST header: 'www.newhalisi.mediacrest.africa'. You may need to add 'www.newhalisi.mediacrest.africa' to ALLOWED_HOSTS.
Traceback (most recent call last):
  File "/home/mediacrest/virtualenv/newhalisi/3.11/lib/python3.11/site-packages/django/core/handlers/exception.py", line 55, in inner
    response = get_response(request)
               ^^^^^^^^^^^^^^^^^^^^^
  File "/home/mediacrest/virtualenv/newhalisi/3.11/lib/python3.11/site-packages/django/utils/deprecation.py", line 133, in __call__
    response = self.process_request(request)
               ^^^^^^^^^^^^^^^^^^^^^^^^^^^^^
  File "/home/mediacrest/virtualenv/newhalisi/3.11/lib/python3.11/site-packages/django/middleware/common.py", line 48, in process_request
    host = request.get_host()
           ^^^^^^^^^^^^^^^^^^
  File "/home/mediacrest/virtualenv/newhalisi/3.11/lib/python3.11/site-packages/django/http/request.py", line 167, in get_host
    raise DisallowedHost(msg)
django.core.exceptions.DisallowedHost: Invalid HTTP_HOST header: 'www.newhalisi.mediacrest.africa'. You may need to add 'www.newhalisi.mediacrest.africa' to ALLOWED_HOSTS.
Bad Request: /
Invalid HTTP_HOST header: 'www.newhalisi.mediacrest.africa'. You may need to add 'www.newhalisi.mediacrest.africa' to ALLOWED_HOSTS.
Traceback (most recent call last):
  File "/home/mediacrest/virtualenv/newhalisi/3.11/lib/python3.11/site-packages/django/core/handlers/exception.py", line 55, in inner
    response = get_response(request)
               ^^^^^^^^^^^^^^^^^^^^^
  File "/home/mediacrest/virtualenv/newhalisi/3.11/lib/python3.11/site-packages/django/utils/deprecation.py", line 133, in __call__
    response = self.process_request(request)
               ^^^^^^^^^^^^^^^^^^^^^^^^^^^^^
  File "/home/mediacrest/virtualenv/newhalisi/3.11/lib/python3.11/site-packages/django/middleware/common.py", line 48, in process_request
    host = request.get_host()
           ^^^^^^^^^^^^^^^^^^
  File "/home/mediacrest/virtualenv/newhalisi/3.11/lib/python3.11/site-packages/django/http/request.py", line 167, in get_host
    raise DisallowedHost(msg)
django.core.exceptions.DisallowedHost: Invalid HTTP_HOST header: 'www.newhalisi.mediacrest.africa'. You may need to add 'www.newhalisi.mediacrest.africa' to ALLOWED_HOSTS.
Bad Request: /
Invalid HTTP_HOST header: 'www.newhalisi.mediacrest.africa'. You may need to add 'www.newhalisi.mediacrest.africa' to ALLOWED_HOSTS.
Traceback (most recent call last):
  File "/home/mediacrest/virtualenv/newhalisi/3.11/lib/python3.11/site-packages/django/core/handlers/exception.py", line 55, in inner
    response = get_response(request)
               ^^^^^^^^^^^^^^^^^^^^^
  File "/home/mediacrest/virtualenv/newhalisi/3.11/lib/python3.11/site-packages/django/utils/deprecation.py", line 133, in __call__
    response = self.process_request(request)
               ^^^^^^^^^^^^^^^^^^^^^^^^^^^^^
  File "/home/mediacrest/virtualenv/newhalisi/3.11/lib/python3.11/site-packages/django/middleware/common.py", line 48, in process_request
    host = request.get_host()
           ^^^^^^^^^^^^^^^^^^
  File "/home/mediacrest/virtualenv/newhalisi/3.11/lib/python3.11/site-packages/django/http/request.py", line 167, in get_host
    raise DisallowedHost(msg)
django.core.exceptions.DisallowedHost: Invalid HTTP_HOST header: 'www.newhalisi.mediacrest.africa'. You may need to add 'www.newhalisi.mediacrest.africa' to ALLOWED_HOSTS.
Bad Request: /favicon.ico
Invalid HTTP_HOST header: 'www.newhalisi.mediacrest.africa'. You may need to add 'www.newhalisi.mediacrest.africa' to ALLOWED_HOSTS.
Traceback (most recent call last):
  File "/home/mediacrest/virtualenv/newhalisi/3.11/lib/python3.11/site-packages/django/core/handlers/exception.py", line 55, in inner
    response = get_response(request)
               ^^^^^^^^^^^^^^^^^^^^^
  File "/home/mediacrest/virtualenv/newhalisi/3.11/lib/python3.11/site-packages/django/utils/deprecation.py", line 133, in __call__
    response = self.process_request(request)
               ^^^^^^^^^^^^^^^^^^^^^^^^^^^^^
  File "/home/mediacrest/virtualenv/newhalisi/3.11/lib/python3.11/site-packages/django/middleware/common.py", line 48, in process_request
    host = request.get_host()
           ^^^^^^^^^^^^^^^^^^
  File "/home/mediacrest/virtualenv/newhalisi/3.11/lib/python3.11/site-packages/django/http/request.py", line 167, in get_host
    raise DisallowedHost(msg)
django.core.exceptions.DisallowedHost: Invalid HTTP_HOST header: 'www.newhalisi.mediacrest.africa'. You may need to add 'www.newhalisi.mediacrest.africa' to ALLOWED_HOSTS.
Bad Request: /
Invalid HTTP_HOST header: 'www.newhalisi.mediacrest.africa'. You may need to add 'www.newhalisi.mediacrest.africa' to ALLOWED_HOSTS.
Traceback (most recent call last):
  File "/home/mediacrest/virtualenv/newhalisi/3.11/lib/python3.11/site-packages/django/core/handlers/exception.py", line 55, in inner
    response = get_response(request)
               ^^^^^^^^^^^^^^^^^^^^^
  File "/home/mediacrest/virtualenv/newhalisi/3.11/lib/python3.11/site-packages/django/utils/deprecation.py", line 133, in __call__
    response = self.process_request(request)
               ^^^^^^^^^^^^^^^^^^^^^^^^^^^^^
  File "/home/mediacrest/virtualenv/newhalisi/3.11/lib/python3.11/site-packages/django/middleware/common.py", line 48, in process_request
    host = request.get_host()
           ^^^^^^^^^^^^^^^^^^
  File "/home/mediacrest/virtualenv/newhalisi/3.11/lib/python3.11/site-packages/django/http/request.py", line 167, in get_host
    raise DisallowedHost(msg)
django.core.exceptions.DisallowedHost: Invalid HTTP_HOST header: 'www.newhalisi.mediacrest.africa'. You may need to add 'www.newhalisi.mediacrest.africa' to ALLOWED_HOSTS.
Bad Request: /favicon.ico
Invalid HTTP_HOST header: 'www.newhalisi.mediacrest.africa'. You may need to add 'www.newhalisi.mediacrest.africa' to ALLOWED_HOSTS.
Traceback (most recent call last):
  File "/home/mediacrest/virtualenv/newhalisi/3.11/lib/python3.11/site-packages/django/core/handlers/exception.py", line 55, in inner
    response = get_response(request)
               ^^^^^^^^^^^^^^^^^^^^^
  File "/home/mediacrest/virtualenv/newhalisi/3.11/lib/python3.11/site-packages/django/utils/deprecation.py", line 133, in __call__
    response = self.process_request(request)
               ^^^^^^^^^^^^^^^^^^^^^^^^^^^^^
  File "/home/mediacrest/virtualenv/newhalisi/3.11/lib/python3.11/site-packages/django/middleware/common.py", line 48, in process_request
    host = request.get_host()
           ^^^^^^^^^^^^^^^^^^
  File "/home/mediacrest/virtualenv/newhalisi/3.11/lib/python3.11/site-packages/django/http/request.py", line 167, in get_host
    raise DisallowedHost(msg)
django.core.exceptions.DisallowedHost: Invalid HTTP_HOST header: 'www.newhalisi.mediacrest.africa'. You may need to add 'www.newhalisi.mediacrest.africa' to ALLOWED_HOSTS.
Bad Request: /
Invalid HTTP_HOST header: 'www.newhalisi.mediacrest.africa'. You may need to add 'www.newhalisi.mediacrest.africa' to ALLOWED_HOSTS.
Traceback (most recent call last):
  File "/home/mediacrest/virtualenv/newhalisi/3.11/lib/python3.11/site-packages/django/core/handlers/exception.py", line 55, in inner
    response = get_response(request)
               ^^^^^^^^^^^^^^^^^^^^^
  File "/home/mediacrest/virtualenv/newhalisi/3.11/lib/python3.11/site-packages/django/utils/deprecation.py", line 133, in __call__
    response = self.process_request(request)
               ^^^^^^^^^^^^^^^^^^^^^^^^^^^^^
  File "/home/mediacrest/virtualenv/newhalisi/3.11/lib/python3.11/site-packages/django/middleware/common.py", line 48, in process_request
    host = request.get_host()
           ^^^^^^^^^^^^^^^^^^
  File "/home/mediacrest/virtualenv/newhalisi/3.11/lib/python3.11/site-packages/django/http/request.py", line 167, in get_host
    raise DisallowedHost(msg)
django.core.exceptions.DisallowedHost: Invalid HTTP_HOST header: 'www.newhalisi.mediacrest.africa'. You may need to add 'www.newhalisi.mediacrest.africa' to ALLOWED_HOSTS.
Bad Request: /
Invalid HTTP_HOST header: 'www.newhalisi.mediacrest.africa'. You may need to add 'www.newhalisi.mediacrest.africa' to ALLOWED_HOSTS.
Traceback (most recent call last):
  File "/home/mediacrest/virtualenv/newhalisi/3.11/lib/python3.11/site-packages/django/core/handlers/exception.py", line 55, in inner
    response = get_response(request)
               ^^^^^^^^^^^^^^^^^^^^^
  File "/home/mediacrest/virtualenv/newhalisi/3.11/lib/python3.11/site-packages/django/utils/deprecation.py", line 133, in __call__
    response = self.process_request(request)
               ^^^^^^^^^^^^^^^^^^^^^^^^^^^^^
  File "/home/mediacrest/virtualenv/newhalisi/3.11/lib/python3.11/site-packages/django/middleware/common.py", line 48, in process_request
    host = request.get_host()
           ^^^^^^^^^^^^^^^^^^
  File "/home/mediacrest/virtualenv/newhalisi/3.11/lib/python3.11/site-packages/django/http/request.py", line 167, in get_host
    raise DisallowedHost(msg)
django.core.exceptions.DisallowedHost: Invalid HTTP_HOST header: 'www.newhalisi.mediacrest.africa'. You may need to add 'www.newhalisi.mediacrest.africa' to ALLOWED_HOSTS.
Bad Request: /favicon.ico
Invalid HTTP_HOST header: 'www.newhalisi.mediacrest.africa'. You may need to add 'www.newhalisi.mediacrest.africa' to ALLOWED_HOSTS.
Traceback (most recent call last):
  File "/home/mediacrest/virtualenv/newhalisi/3.11/lib/python3.11/site-packages/django/core/handlers/exception.py", line 55, in inner
    response = get_response(request)
               ^^^^^^^^^^^^^^^^^^^^^
  File "/home/mediacrest/virtualenv/newhalisi/3.11/lib/python3.11/site-packages/django/utils/deprecation.py", line 133, in __call__
    response = self.process_request(request)
               ^^^^^^^^^^^^^^^^^^^^^^^^^^^^^
  File "/home/mediacrest/virtualenv/newhalisi/3.11/lib/python3.11/site-packages/django/middleware/common.py", line 48, in process_request
    host = request.get_host()
           ^^^^^^^^^^^^^^^^^^
  File "/home/mediacrest/virtualenv/newhalisi/3.11/lib/python3.11/site-packages/django/http/request.py", line 167, in get_host
    raise DisallowedHost(msg)
django.core.exceptions.DisallowedHost: Invalid HTTP_HOST header: 'www.newhalisi.mediacrest.africa'. You may need to add 'www.newhalisi.mediacrest.africa' to ALLOWED_HOSTS.
Bad Request: /
Invalid HTTP_HOST header: 'www.newhalisi.mediacrest.africa'. You may need to add 'www.newhalisi.mediacrest.africa' to ALLOWED_HOSTS.
Traceback (most recent call last):
  File "/home/mediacrest/virtualenv/newhalisi/3.11/lib/python3.11/site-packages/django/core/handlers/exception.py", line 55, in inner
    response = get_response(request)
               ^^^^^^^^^^^^^^^^^^^^^
  File "/home/mediacrest/virtualenv/newhalisi/3.11/lib/python3.11/site-packages/django/utils/deprecation.py", line 133, in __call__
    response = self.process_request(request)
               ^^^^^^^^^^^^^^^^^^^^^^^^^^^^^
  File "/home/mediacrest/virtualenv/newhalisi/3.11/lib/python3.11/site-packages/django/middleware/common.py", line 48, in process_request
    host = request.get_host()
           ^^^^^^^^^^^^^^^^^^
  File "/home/mediacrest/virtualenv/newhalisi/3.11/lib/python3.11/site-packages/django/http/request.py", line 167, in get_host
    raise DisallowedHost(msg)
django.core.exceptions.DisallowedHost: Invalid HTTP_HOST header: 'www.newhalisi.mediacrest.africa'. You may need to add 'www.newhalisi.mediacrest.africa' to ALLOWED_HOSTS.
Bad Request: /favicon.ico
Invalid HTTP_HOST header: 'www.newhalisi.mediacrest.africa'. You may need to add 'www.newhalisi.mediacrest.africa' to ALLOWED_HOSTS.
Traceback (most recent call last):
  File "/home/mediacrest/virtualenv/newhalisi/3.11/lib/python3.11/site-packages/django/core/handlers/exception.py", line 55, in inner
    response = get_response(request)
               ^^^^^^^^^^^^^^^^^^^^^
  File "/home/mediacrest/virtualenv/newhalisi/3.11/lib/python3.11/site-packages/django/utils/deprecation.py", line 133, in __call__
    response = self.process_request(request)
               ^^^^^^^^^^^^^^^^^^^^^^^^^^^^^
  File "/home/mediacrest/virtualenv/newhalisi/3.11/lib/python3.11/site-packages/django/middleware/common.py", line 48, in process_request
    host = request.get_host()
           ^^^^^^^^^^^^^^^^^^
  File "/home/mediacrest/virtualenv/newhalisi/3.11/lib/python3.11/site-packages/django/http/request.py", line 167, in get_host
    raise DisallowedHost(msg)
django.core.exceptions.DisallowedHost: Invalid HTTP_HOST header: 'www.newhalisi.mediacrest.africa'. You may need to add 'www.newhalisi.mediacrest.africa' to ALLOWED_HOSTS.
Bad Request: /
Not Found: /apple-touch-icon.png
Not Found: /favicon.ico
Not Found: /apple-touch-icon-precomposed.png
Invalid HTTP_HOST header: 'www.newhalisi.mediacrest.africa'. You may need to add 'www.newhalisi.mediacrest.africa' to ALLOWED_HOSTS.
Traceback (most recent call last):
  File "/home/mediacrest/virtualenv/newhalisi/3.11/lib/python3.11/site-packages/django/core/handlers/exception.py", line 55, in inner
    response = get_response(request)
               ^^^^^^^^^^^^^^^^^^^^^
  File "/home/mediacrest/virtualenv/newhalisi/3.11/lib/python3.11/site-packages/django/utils/deprecation.py", line 133, in __call__
    response = self.process_request(request)
               ^^^^^^^^^^^^^^^^^^^^^^^^^^^^^
  File "/home/mediacrest/virtualenv/newhalisi/3.11/lib/python3.11/site-packages/django/middleware/common.py", line 48, in process_request
    host = request.get_host()
           ^^^^^^^^^^^^^^^^^^
  File "/home/mediacrest/virtualenv/newhalisi/3.11/lib/python3.11/site-packages/django/http/request.py", line 167, in get_host
    raise DisallowedHost(msg)
django.core.exceptions.DisallowedHost: Invalid HTTP_HOST header: 'www.newhalisi.mediacrest.africa'. You may need to add 'www.newhalisi.mediacrest.africa' to ALLOWED_HOSTS.
Bad Request: /
Not Found: /ads.txt
Not Found: /ads.txt
Invalid HTTP_HOST header: 'www.newhalisi.mediacrest.africa'. You may need to add 'www.newhalisi.mediacrest.africa' to ALLOWED_HOSTS.
Traceback (most recent call last):
  File "/home/mediacrest/virtualenv/newhalisi/3.11/lib/python3.11/site-packages/django/core/handlers/exception.py", line 55, in inner
    response = get_response(request)
               ^^^^^^^^^^^^^^^^^^^^^
  File "/home/mediacrest/virtualenv/newhalisi/3.11/lib/python3.11/site-packages/django/utils/deprecation.py", line 133, in __call__
    response = self.process_request(request)
               ^^^^^^^^^^^^^^^^^^^^^^^^^^^^^
  File "/home/mediacrest/virtualenv/newhalisi/3.11/lib/python3.11/site-packages/django/middleware/common.py", line 48, in process_request
    host = request.get_host()
           ^^^^^^^^^^^^^^^^^^
  File "/home/mediacrest/virtualenv/newhalisi/3.11/lib/python3.11/site-packages/django/http/request.py", line 167, in get_host
    raise DisallowedHost(msg)
django.core.exceptions.DisallowedHost: Invalid HTTP_HOST header: 'www.newhalisi.mediacrest.africa'. You may need to add 'www.newhalisi.mediacrest.africa' to ALLOWED_HOSTS.
Bad Request: /
Invalid HTTP_HOST header: 'www.newhalisi.mediacrest.africa'. You may need to add 'www.newhalisi.mediacrest.africa' to ALLOWED_HOSTS.
Traceback (most recent call last):
  File "/home/mediacrest/virtualenv/newhalisi/3.11/lib/python3.11/site-packages/django/core/handlers/exception.py", line 55, in inner
    response = get_response(request)
               ^^^^^^^^^^^^^^^^^^^^^
  File "/home/mediacrest/virtualenv/newhalisi/3.11/lib/python3.11/site-packages/django/utils/deprecation.py", line 133, in __call__
    response = self.process_request(request)
               ^^^^^^^^^^^^^^^^^^^^^^^^^^^^^
  File "/home/mediacrest/virtualenv/newhalisi/3.11/lib/python3.11/site-packages/django/middleware/common.py", line 48, in process_request
    host = request.get_host()
           ^^^^^^^^^^^^^^^^^^
  File "/home/mediacrest/virtualenv/newhalisi/3.11/lib/python3.11/site-packages/django/http/request.py", line 167, in get_host
    raise DisallowedHost(msg)
django.core.exceptions.DisallowedHost: Invalid HTTP_HOST header: 'www.newhalisi.mediacrest.africa'. You may need to add 'www.newhalisi.mediacrest.africa' to ALLOWED_HOSTS.
Bad Request: /
Invalid HTTP_HOST header: 'www.newhalisi.mediacrest.africa'. You may need to add 'www.newhalisi.mediacrest.africa' to ALLOWED_HOSTS.
Traceback (most recent call last):
  File "/home/mediacrest/virtualenv/newhalisi/3.11/lib/python3.11/site-packages/django/core/handlers/exception.py", line 55, in inner
    response = get_response(request)
               ^^^^^^^^^^^^^^^^^^^^^
  File "/home/mediacrest/virtualenv/newhalisi/3.11/lib/python3.11/site-packages/django/utils/deprecation.py", line 133, in __call__
    response = self.process_request(request)
               ^^^^^^^^^^^^^^^^^^^^^^^^^^^^^
  File "/home/mediacrest/virtualenv/newhalisi/3.11/lib/python3.11/site-packages/django/middleware/common.py", line 48, in process_request
    host = request.get_host()
           ^^^^^^^^^^^^^^^^^^
  File "/home/mediacrest/virtualenv/newhalisi/3.11/lib/python3.11/site-packages/django/http/request.py", line 167, in get_host
    raise DisallowedHost(msg)
django.core.exceptions.DisallowedHost: Invalid HTTP_HOST header: 'www.newhalisi.mediacrest.africa'. You may need to add 'www.newhalisi.mediacrest.africa' to ALLOWED_HOSTS.
Bad Request: /favicon.ico
Invalid HTTP_HOST header: 'www.newhalisi.mediacrest.africa'. You may need to add 'www.newhalisi.mediacrest.africa' to ALLOWED_HOSTS.
Traceback (most recent call last):
  File "/home/mediacrest/virtualenv/newhalisi/3.11/lib/python3.11/site-packages/django/core/handlers/exception.py", line 55, in inner
    response = get_response(request)
               ^^^^^^^^^^^^^^^^^^^^^
  File "/home/mediacrest/virtualenv/newhalisi/3.11/lib/python3.11/site-packages/django/utils/deprecation.py", line 133, in __call__
    response = self.process_request(request)
               ^^^^^^^^^^^^^^^^^^^^^^^^^^^^^
  File "/home/mediacrest/virtualenv/newhalisi/3.11/lib/python3.11/site-packages/django/middleware/common.py", line 48, in process_request
    host = request.get_host()
           ^^^^^^^^^^^^^^^^^^
  File "/home/mediacrest/virtualenv/newhalisi/3.11/lib/python3.11/site-packages/django/http/request.py", line 167, in get_host
    raise DisallowedHost(msg)
django.core.exceptions.DisallowedHost: Invalid HTTP_HOST header: 'www.newhalisi.mediacrest.africa'. You may need to add 'www.newhalisi.mediacrest.africa' to ALLOWED_HOSTS.
Bad Request: /ads.txt
Invalid HTTP_HOST header: 'www.newhalisi.mediacrest.africa'. You may need to add 'www.newhalisi.mediacrest.africa' to ALLOWED_HOSTS.
Traceback (most recent call last):
  File "/home/mediacrest/virtualenv/newhalisi/3.11/lib/python3.11/site-packages/django/core/handlers/exception.py", line 55, in inner
    response = get_response(request)
               ^^^^^^^^^^^^^^^^^^^^^
  File "/home/mediacrest/virtualenv/newhalisi/3.11/lib/python3.11/site-packages/django/utils/deprecation.py", line 133, in __call__
    response = self.process_request(request)
               ^^^^^^^^^^^^^^^^^^^^^^^^^^^^^
  File "/home/mediacrest/virtualenv/newhalisi/3.11/lib/python3.11/site-packages/django/middleware/common.py", line 48, in process_request
    host = request.get_host()
           ^^^^^^^^^^^^^^^^^^
  File "/home/mediacrest/virtualenv/newhalisi/3.11/lib/python3.11/site-packages/django/http/request.py", line 167, in get_host
    raise DisallowedHost(msg)
django.core.exceptions.DisallowedHost: Invalid HTTP_HOST header: 'www.newhalisi.mediacrest.africa'. You may need to add 'www.newhalisi.mediacrest.africa' to ALLOWED_HOSTS.
Bad Request: /
Invalid HTTP_HOST header: 'www.newhalisi.mediacrest.africa'. You may need to add 'www.newhalisi.mediacrest.africa' to ALLOWED_HOSTS.
Traceback (most recent call last):
  File "/home/mediacrest/virtualenv/newhalisi/3.11/lib/python3.11/site-packages/django/core/handlers/exception.py", line 55, in inner
    response = get_response(request)
               ^^^^^^^^^^^^^^^^^^^^^
  File "/home/mediacrest/virtualenv/newhalisi/3.11/lib/python3.11/site-packages/django/utils/deprecation.py", line 133, in __call__
    response = self.process_request(request)
               ^^^^^^^^^^^^^^^^^^^^^^^^^^^^^
  File "/home/mediacrest/virtualenv/newhalisi/3.11/lib/python3.11/site-packages/django/middleware/common.py", line 48, in process_request
    host = request.get_host()
           ^^^^^^^^^^^^^^^^^^
  File "/home/mediacrest/virtualenv/newhalisi/3.11/lib/python3.11/site-packages/django/http/request.py", line 167, in get_host
    raise DisallowedHost(msg)
django.core.exceptions.DisallowedHost: Invalid HTTP_HOST header: 'www.newhalisi.mediacrest.africa'. You may need to add 'www.newhalisi.mediacrest.africa' to ALLOWED_HOSTS.
Bad Request: /favicon.ico
Invalid HTTP_HOST header: 'www.newhalisi.mediacrest.africa'. You may need to add 'www.newhalisi.mediacrest.africa' to ALLOWED_HOSTS.
Traceback (most recent call last):
  File "/home/mediacrest/virtualenv/newhalisi/3.11/lib/python3.11/site-packages/django/core/handlers/exception.py", line 55, in inner
    response = get_response(request)
               ^^^^^^^^^^^^^^^^^^^^^
  File "/home/mediacrest/virtualenv/newhalisi/3.11/lib/python3.11/site-packages/django/utils/deprecation.py", line 133, in __call__
    response = self.process_request(request)
               ^^^^^^^^^^^^^^^^^^^^^^^^^^^^^
  File "/home/mediacrest/virtualenv/newhalisi/3.11/lib/python3.11/site-packages/django/middleware/common.py", line 48, in process_request
    host = request.get_host()
           ^^^^^^^^^^^^^^^^^^
  File "/home/mediacrest/virtualenv/newhalisi/3.11/lib/python3.11/site-packages/django/http/request.py", line 167, in get_host
    raise DisallowedHost(msg)
django.core.exceptions.DisallowedHost: Invalid HTTP_HOST header: 'www.newhalisi.mediacrest.africa'. You may need to add 'www.newhalisi.mediacrest.africa' to ALLOWED_HOSTS.
Bad Request: /ads.txt
Invalid HTTP_HOST header: 'www.newhalisi.mediacrest.africa'. You may need to add 'www.newhalisi.mediacrest.africa' to ALLOWED_HOSTS.
Traceback (most recent call last):
  File "/home/mediacrest/virtualenv/newhalisi/3.11/lib/python3.11/site-packages/django/core/handlers/exception.py", line 55, in inner
    response = get_response(request)
               ^^^^^^^^^^^^^^^^^^^^^
  File "/home/mediacrest/virtualenv/newhalisi/3.11/lib/python3.11/site-packages/django/utils/deprecation.py", line 133, in __call__
    response = self.process_request(request)
               ^^^^^^^^^^^^^^^^^^^^^^^^^^^^^
  File "/home/mediacrest/virtualenv/newhalisi/3.11/lib/python3.11/site-packages/django/middleware/common.py", line 48, in process_request
    host = request.get_host()
           ^^^^^^^^^^^^^^^^^^
  File "/home/mediacrest/virtualenv/newhalisi/3.11/lib/python3.11/site-packages/django/http/request.py", line 167, in get_host
    raise DisallowedHost(msg)
django.core.exceptions.DisallowedHost: Invalid HTTP_HOST header: 'www.newhalisi.mediacrest.africa'. You may need to add 'www.newhalisi.mediacrest.africa' to ALLOWED_HOSTS.
Bad Request: /
Invalid HTTP_HOST header: 'www.newhalisi.mediacrest.africa'. You may need to add 'www.newhalisi.mediacrest.africa' to ALLOWED_HOSTS.
Traceback (most recent call last):
  File "/home/mediacrest/virtualenv/newhalisi/3.11/lib/python3.11/site-packages/django/core/handlers/exception.py", line 55, in inner
    response = get_response(request)
               ^^^^^^^^^^^^^^^^^^^^^
  File "/home/mediacrest/virtualenv/newhalisi/3.11/lib/python3.11/site-packages/django/utils/deprecation.py", line 133, in __call__
    response = self.process_request(request)
               ^^^^^^^^^^^^^^^^^^^^^^^^^^^^^
  File "/home/mediacrest/virtualenv/newhalisi/3.11/lib/python3.11/site-packages/django/middleware/common.py", line 48, in process_request
    host = request.get_host()
           ^^^^^^^^^^^^^^^^^^
  File "/home/mediacrest/virtualenv/newhalisi/3.11/lib/python3.11/site-packages/django/http/request.py", line 167, in get_host
    raise DisallowedHost(msg)
django.core.exceptions.DisallowedHost: Invalid HTTP_HOST header: 'www.newhalisi.mediacrest.africa'. You may need to add 'www.newhalisi.mediacrest.africa' to ALLOWED_HOSTS.
Bad Request: /
Invalid HTTP_HOST header: 'www.newhalisi.mediacrest.africa'. You may need to add 'www.newhalisi.mediacrest.africa' to ALLOWED_HOSTS.
Traceback (most recent call last):
  File "/home/mediacrest/virtualenv/newhalisi/3.11/lib/python3.11/site-packages/django/core/handlers/exception.py", line 55, in inner
    response = get_response(request)
               ^^^^^^^^^^^^^^^^^^^^^
  File "/home/mediacrest/virtualenv/newhalisi/3.11/lib/python3.11/site-packages/django/utils/deprecation.py", line 133, in __call__
    response = self.process_request(request)
               ^^^^^^^^^^^^^^^^^^^^^^^^^^^^^
  File "/home/mediacrest/virtualenv/newhalisi/3.11/lib/python3.11/site-packages/django/middleware/common.py", line 48, in process_request
    host = request.get_host()
           ^^^^^^^^^^^^^^^^^^
  File "/home/mediacrest/virtualenv/newhalisi/3.11/lib/python3.11/site-packages/django/http/request.py", line 167, in get_host
    raise DisallowedHost(msg)
django.core.exceptions.DisallowedHost: Invalid HTTP_HOST header: 'www.newhalisi.mediacrest.africa'. You may need to add 'www.newhalisi.mediacrest.africa' to ALLOWED_HOSTS.
Bad Request: /
Invalid HTTP_HOST header: 'www.newhalisi.mediacrest.africa'. You may need to add 'www.newhalisi.mediacrest.africa' to ALLOWED_HOSTS.
Traceback (most recent call last):
  File "/home/mediacrest/virtualenv/newhalisi/3.11/lib/python3.11/site-packages/django/core/handlers/exception.py", line 55, in inner
    response = get_response(request)
               ^^^^^^^^^^^^^^^^^^^^^
  File "/home/mediacrest/virtualenv/newhalisi/3.11/lib/python3.11/site-packages/django/utils/deprecation.py", line 133, in __call__
    response = self.process_request(request)
               ^^^^^^^^^^^^^^^^^^^^^^^^^^^^^
  File "/home/mediacrest/virtualenv/newhalisi/3.11/lib/python3.11/site-packages/django/middleware/common.py", line 48, in process_request
    host = request.get_host()
           ^^^^^^^^^^^^^^^^^^
  File "/home/mediacrest/virtualenv/newhalisi/3.11/lib/python3.11/site-packages/django/http/request.py", line 167, in get_host
    raise DisallowedHost(msg)
django.core.exceptions.DisallowedHost: Invalid HTTP_HOST header: 'www.newhalisi.mediacrest.africa'. You may need to add 'www.newhalisi.mediacrest.africa' to ALLOWED_HOSTS.
Bad Request: /favicon.ico
Not Found: /apple-touch-icon.png
Not Found: /apple-touch-icon-precomposed.png
Not Found: /favicon.ico
Invalid HTTP_HOST header: 'www.newhalisi.mediacrest.africa'. You may need to add 'www.newhalisi.mediacrest.africa' to ALLOWED_HOSTS.
Traceback (most recent call last):
  File "/home/mediacrest/virtualenv/newhalisi/3.11/lib/python3.11/site-packages/django/core/handlers/exception.py", line 55, in inner
    response = get_response(request)
               ^^^^^^^^^^^^^^^^^^^^^
  File "/home/mediacrest/virtualenv/newhalisi/3.11/lib/python3.11/site-packages/django/utils/deprecation.py", line 133, in __call__
    response = self.process_request(request)
               ^^^^^^^^^^^^^^^^^^^^^^^^^^^^^
  File "/home/mediacrest/virtualenv/newhalisi/3.11/lib/python3.11/site-packages/django/middleware/common.py", line 48, in process_request
    host = request.get_host()
           ^^^^^^^^^^^^^^^^^^
  File "/home/mediacrest/virtualenv/newhalisi/3.11/lib/python3.11/site-packages/django/http/request.py", line 167, in get_host
    raise DisallowedHost(msg)
django.core.exceptions.DisallowedHost: Invalid HTTP_HOST header: 'www.newhalisi.mediacrest.africa'. You may need to add 'www.newhalisi.mediacrest.africa' to ALLOWED_HOSTS.
Bad Request: /
Invalid HTTP_HOST header: 'www.newhalisi.mediacrest.africa'. You may need to add 'www.newhalisi.mediacrest.africa' to ALLOWED_HOSTS.
Traceback (most recent call last):
  File "/home/mediacrest/virtualenv/newhalisi/3.11/lib/python3.11/site-packages/django/core/handlers/exception.py", line 55, in inner
    response = get_response(request)
               ^^^^^^^^^^^^^^^^^^^^^
  File "/home/mediacrest/virtualenv/newhalisi/3.11/lib/python3.11/site-packages/django/utils/deprecation.py", line 133, in __call__
    response = self.process_request(request)
               ^^^^^^^^^^^^^^^^^^^^^^^^^^^^^
  File "/home/mediacrest/virtualenv/newhalisi/3.11/lib/python3.11/site-packages/django/middleware/common.py", line 48, in process_request
    host = request.get_host()
           ^^^^^^^^^^^^^^^^^^
  File "/home/mediacrest/virtualenv/newhalisi/3.11/lib/python3.11/site-packages/django/http/request.py", line 167, in get_host
    raise DisallowedHost(msg)
django.core.exceptions.DisallowedHost: Invalid HTTP_HOST header: 'www.newhalisi.mediacrest.africa'. You may need to add 'www.newhalisi.mediacrest.africa' to ALLOWED_HOSTS.
Bad Request: /
Invalid HTTP_HOST header: 'www.newhalisi.mediacrest.africa'. You may need to add 'www.newhalisi.mediacrest.africa' to ALLOWED_HOSTS.
Traceback (most recent call last):
  File "/home/mediacrest/virtualenv/newhalisi/3.11/lib/python3.11/site-packages/django/core/handlers/exception.py", line 55, in inner
    response = get_response(request)
               ^^^^^^^^^^^^^^^^^^^^^
  File "/home/mediacrest/virtualenv/newhalisi/3.11/lib/python3.11/site-packages/django/utils/deprecation.py", line 133, in __call__
    response = self.process_request(request)
               ^^^^^^^^^^^^^^^^^^^^^^^^^^^^^
  File "/home/mediacrest/virtualenv/newhalisi/3.11/lib/python3.11/site-packages/django/middleware/common.py", line 48, in process_request
    host = request.get_host()
           ^^^^^^^^^^^^^^^^^^
  File "/home/mediacrest/virtualenv/newhalisi/3.11/lib/python3.11/site-packages/django/http/request.py", line 167, in get_host
    raise DisallowedHost(msg)
django.core.exceptions.DisallowedHost: Invalid HTTP_HOST header: 'www.newhalisi.mediacrest.africa'. You may need to add 'www.newhalisi.mediacrest.africa' to ALLOWED_HOSTS.
Bad Request: /favicon.ico
Invalid HTTP_HOST header: 'www.newhalisi.mediacrest.africa'. You may need to add 'www.newhalisi.mediacrest.africa' to ALLOWED_HOSTS.
Traceback (most recent call last):
  File "/home/mediacrest/virtualenv/newhalisi/3.11/lib/python3.11/site-packages/django/core/handlers/exception.py", line 55, in inner
    response = get_response(request)
               ^^^^^^^^^^^^^^^^^^^^^
  File "/home/mediacrest/virtualenv/newhalisi/3.11/lib/python3.11/site-packages/django/utils/deprecation.py", line 133, in __call__
    response = self.process_request(request)
               ^^^^^^^^^^^^^^^^^^^^^^^^^^^^^
  File "/home/mediacrest/virtualenv/newhalisi/3.11/lib/python3.11/site-packages/django/middleware/common.py", line 48, in process_request
    host = request.get_host()
           ^^^^^^^^^^^^^^^^^^
  File "/home/mediacrest/virtualenv/newhalisi/3.11/lib/python3.11/site-packages/django/http/request.py", line 167, in get_host
    raise DisallowedHost(msg)
django.core.exceptions.DisallowedHost: Invalid HTTP_HOST header: 'www.newhalisi.mediacrest.africa'. You may need to add 'www.newhalisi.mediacrest.africa' to ALLOWED_HOSTS.
Bad Request: /favicon.ico
Invalid HTTP_HOST header: 'www.newhalisi.mediacrest.africa'. You may need to add 'www.newhalisi.mediacrest.africa' to ALLOWED_HOSTS.
Traceback (most recent call last):
  File "/home/mediacrest/virtualenv/newhalisi/3.11/lib/python3.11/site-packages/django/core/handlers/exception.py", line 55, in inner
    response = get_response(request)
               ^^^^^^^^^^^^^^^^^^^^^
  File "/home/mediacrest/virtualenv/newhalisi/3.11/lib/python3.11/site-packages/django/utils/deprecation.py", line 133, in __call__
    response = self.process_request(request)
               ^^^^^^^^^^^^^^^^^^^^^^^^^^^^^
  File "/home/mediacrest/virtualenv/newhalisi/3.11/lib/python3.11/site-packages/django/middleware/common.py", line 48, in process_request
    host = request.get_host()
           ^^^^^^^^^^^^^^^^^^
  File "/home/mediacrest/virtualenv/newhalisi/3.11/lib/python3.11/site-packages/django/http/request.py", line 167, in get_host
    raise DisallowedHost(msg)
django.core.exceptions.DisallowedHost: Invalid HTTP_HOST header: 'www.newhalisi.mediacrest.africa'. You may need to add 'www.newhalisi.mediacrest.africa' to ALLOWED_HOSTS.
Bad Request: /
Invalid HTTP_HOST header: 'www.newhalisi.mediacrest.africa'. You may need to add 'www.newhalisi.mediacrest.africa' to ALLOWED_HOSTS.
Traceback (most recent call last):
  File "/home/mediacrest/virtualenv/newhalisi/3.11/lib/python3.11/site-packages/django/core/handlers/exception.py", line 55, in inner
    response = get_response(request)
               ^^^^^^^^^^^^^^^^^^^^^
  File "/home/mediacrest/virtualenv/newhalisi/3.11/lib/python3.11/site-packages/django/utils/deprecation.py", line 133, in __call__
    response = self.process_request(request)
               ^^^^^^^^^^^^^^^^^^^^^^^^^^^^^
  File "/home/mediacrest/virtualenv/newhalisi/3.11/lib/python3.11/site-packages/django/middleware/common.py", line 48, in process_request
    host = request.get_host()
           ^^^^^^^^^^^^^^^^^^
  File "/home/mediacrest/virtualenv/newhalisi/3.11/lib/python3.11/site-packages/django/http/request.py", line 167, in get_host
    raise DisallowedHost(msg)
django.core.exceptions.DisallowedHost: Invalid HTTP_HOST header: 'www.newhalisi.mediacrest.africa'. You may need to add 'www.newhalisi.mediacrest.africa' to ALLOWED_HOSTS.
Bad Request: /favicon.ico
Invalid HTTP_HOST header: 'www.newhalisi.mediacrest.africa'. You may need to add 'www.newhalisi.mediacrest.africa' to ALLOWED_HOSTS.
Traceback (most recent call last):
  File "/home/mediacrest/virtualenv/newhalisi/3.11/lib/python3.11/site-packages/django/core/handlers/exception.py", line 55, in inner
    response = get_response(request)
               ^^^^^^^^^^^^^^^^^^^^^
  File "/home/mediacrest/virtualenv/newhalisi/3.11/lib/python3.11/site-packages/django/utils/deprecation.py", line 133, in __call__
    response = self.process_request(request)
               ^^^^^^^^^^^^^^^^^^^^^^^^^^^^^
  File "/home/mediacrest/virtualenv/newhalisi/3.11/lib/python3.11/site-packages/django/middleware/common.py", line 48, in process_request
    host = request.get_host()
           ^^^^^^^^^^^^^^^^^^
  File "/home/mediacrest/virtualenv/newhalisi/3.11/lib/python3.11/site-packages/django/http/request.py", line 167, in get_host
    raise DisallowedHost(msg)
django.core.exceptions.DisallowedHost: Invalid HTTP_HOST header: 'www.newhalisi.mediacrest.africa'. You may need to add 'www.newhalisi.mediacrest.africa' to ALLOWED_HOSTS.
Bad Request: /favicon.ico
Invalid HTTP_HOST header: 'www.newhalisi.mediacrest.africa'. You may need to add 'www.newhalisi.mediacrest.africa' to ALLOWED_HOSTS.
Traceback (most recent call last):
  File "/home/mediacrest/virtualenv/newhalisi/3.11/lib/python3.11/site-packages/django/core/handlers/exception.py", line 55, in inner
    response = get_response(request)
               ^^^^^^^^^^^^^^^^^^^^^
  File "/home/mediacrest/virtualenv/newhalisi/3.11/lib/python3.11/site-packages/django/utils/deprecation.py", line 133, in __call__
    response = self.process_request(request)
               ^^^^^^^^^^^^^^^^^^^^^^^^^^^^^
  File "/home/mediacrest/virtualenv/newhalisi/3.11/lib/python3.11/site-packages/django/middleware/common.py", line 48, in process_request
    host = request.get_host()
           ^^^^^^^^^^^^^^^^^^
  File "/home/mediacrest/virtualenv/newhalisi/3.11/lib/python3.11/site-packages/django/http/request.py", line 167, in get_host
    raise DisallowedHost(msg)
django.core.exceptions.DisallowedHost: Invalid HTTP_HOST header: 'www.newhalisi.mediacrest.africa'. You may need to add 'www.newhalisi.mediacrest.africa' to ALLOWED_HOSTS.
Bad Request: /
Invalid HTTP_HOST header: 'www.newhalisi.mediacrest.africa'. You may need to add 'www.newhalisi.mediacrest.africa' to ALLOWED_HOSTS.
Traceback (most recent call last):
  File "/home/mediacrest/virtualenv/newhalisi/3.11/lib/python3.11/site-packages/django/core/handlers/exception.py", line 55, in inner
    response = get_response(request)
               ^^^^^^^^^^^^^^^^^^^^^
  File "/home/mediacrest/virtualenv/newhalisi/3.11/lib/python3.11/site-packages/django/utils/deprecation.py", line 133, in __call__
    response = self.process_request(request)
               ^^^^^^^^^^^^^^^^^^^^^^^^^^^^^
  File "/home/mediacrest/virtualenv/newhalisi/3.11/lib/python3.11/site-packages/django/middleware/common.py", line 48, in process_request
    host = request.get_host()
           ^^^^^^^^^^^^^^^^^^
  File "/home/mediacrest/virtualenv/newhalisi/3.11/lib/python3.11/site-packages/django/http/request.py", line 167, in get_host
    raise DisallowedHost(msg)
django.core.exceptions.DisallowedHost: Invalid HTTP_HOST header: 'www.newhalisi.mediacrest.africa'. You may need to add 'www.newhalisi.mediacrest.africa' to ALLOWED_HOSTS.
Bad Request: /
Invalid HTTP_HOST header: 'www.newhalisi.mediacrest.africa'. You may need to add 'www.newhalisi.mediacrest.africa' to ALLOWED_HOSTS.
Traceback (most recent call last):
  File "/home/mediacrest/virtualenv/newhalisi/3.11/lib/python3.11/site-packages/django/core/handlers/exception.py", line 55, in inner
    response = get_response(request)
               ^^^^^^^^^^^^^^^^^^^^^
  File "/home/mediacrest/virtualenv/newhalisi/3.11/lib/python3.11/site-packages/django/utils/deprecation.py", line 133, in __call__
    response = self.process_request(request)
               ^^^^^^^^^^^^^^^^^^^^^^^^^^^^^
  File "/home/mediacrest/virtualenv/newhalisi/3.11/lib/python3.11/site-packages/django/middleware/common.py", line 48, in process_request
    host = request.get_host()
           ^^^^^^^^^^^^^^^^^^
  File "/home/mediacrest/virtualenv/newhalisi/3.11/lib/python3.11/site-packages/django/http/request.py", line 167, in get_host
    raise DisallowedHost(msg)
django.core.exceptions.DisallowedHost: Invalid HTTP_HOST header: 'www.newhalisi.mediacrest.africa'. You may need to add 'www.newhalisi.mediacrest.africa' to ALLOWED_HOSTS.
Bad Request: /favicon.ico
Invalid HTTP_HOST header: 'www.newhalisi.mediacrest.africa'. You may need to add 'www.newhalisi.mediacrest.africa' to ALLOWED_HOSTS.
Traceback (most recent call last):
  File "/home/mediacrest/virtualenv/newhalisi/3.11/lib/python3.11/site-packages/django/core/handlers/exception.py", line 55, in inner
    response = get_response(request)
               ^^^^^^^^^^^^^^^^^^^^^
  File "/home/mediacrest/virtualenv/newhalisi/3.11/lib/python3.11/site-packages/django/utils/deprecation.py", line 133, in __call__
    response = self.process_request(request)
               ^^^^^^^^^^^^^^^^^^^^^^^^^^^^^
  File "/home/mediacrest/virtualenv/newhalisi/3.11/lib/python3.11/site-packages/django/middleware/common.py", line 48, in process_request
    host = request.get_host()
           ^^^^^^^^^^^^^^^^^^
  File "/home/mediacrest/virtualenv/newhalisi/3.11/lib/python3.11/site-packages/django/http/request.py", line 167, in get_host
    raise DisallowedHost(msg)
django.core.exceptions.DisallowedHost: Invalid HTTP_HOST header: 'www.newhalisi.mediacrest.africa'. You may need to add 'www.newhalisi.mediacrest.africa' to ALLOWED_HOSTS.
Bad Request: /favicon.ico
Invalid HTTP_HOST header: 'www.newhalisi.mediacrest.africa'. You may need to add 'www.newhalisi.mediacrest.africa' to ALLOWED_HOSTS.
Traceback (most recent call last):
  File "/home/mediacrest/virtualenv/newhalisi/3.11/lib/python3.11/site-packages/django/core/handlers/exception.py", line 55, in inner
    response = get_response(request)
               ^^^^^^^^^^^^^^^^^^^^^
  File "/home/mediacrest/virtualenv/newhalisi/3.11/lib/python3.11/site-packages/django/utils/deprecation.py", line 133, in __call__
    response = self.process_request(request)
               ^^^^^^^^^^^^^^^^^^^^^^^^^^^^^
  File "/home/mediacrest/virtualenv/newhalisi/3.11/lib/python3.11/site-packages/django/middleware/common.py", line 48, in process_request
    host = request.get_host()
           ^^^^^^^^^^^^^^^^^^
  File "/home/mediacrest/virtualenv/newhalisi/3.11/lib/python3.11/site-packages/django/http/request.py", line 167, in get_host
    raise DisallowedHost(msg)
django.core.exceptions.DisallowedHost: Invalid HTTP_HOST header: 'www.newhalisi.mediacrest.africa'. You may need to add 'www.newhalisi.mediacrest.africa' to ALLOWED_HOSTS.
Bad Request: /
Invalid HTTP_HOST header: 'www.newhalisi.mediacrest.africa'. You may need to add 'www.newhalisi.mediacrest.africa' to ALLOWED_HOSTS.
Traceback (most recent call last):
  File "/home/mediacrest/virtualenv/newhalisi/3.11/lib/python3.11/site-packages/django/core/handlers/exception.py", line 55, in inner
    response = get_response(request)
               ^^^^^^^^^^^^^^^^^^^^^
  File "/home/mediacrest/virtualenv/newhalisi/3.11/lib/python3.11/site-packages/django/utils/deprecation.py", line 133, in __call__
    response = self.process_request(request)
               ^^^^^^^^^^^^^^^^^^^^^^^^^^^^^
  File "/home/mediacrest/virtualenv/newhalisi/3.11/lib/python3.11/site-packages/django/middleware/common.py", line 48, in process_request
    host = request.get_host()
           ^^^^^^^^^^^^^^^^^^
  File "/home/mediacrest/virtualenv/newhalisi/3.11/lib/python3.11/site-packages/django/http/request.py", line 167, in get_host
    raise DisallowedHost(msg)
django.core.exceptions.DisallowedHost: Invalid HTTP_HOST header: 'www.newhalisi.mediacrest.africa'. You may need to add 'www.newhalisi.mediacrest.africa' to ALLOWED_HOSTS.
Bad Request: /
Invalid HTTP_HOST header: 'www.newhalisi.mediacrest.africa'. You may need to add 'www.newhalisi.mediacrest.africa' to ALLOWED_HOSTS.
Traceback (most recent call last):
  File "/home/mediacrest/virtualenv/newhalisi/3.11/lib/python3.11/site-packages/django/core/handlers/exception.py", line 55, in inner
    response = get_response(request)
               ^^^^^^^^^^^^^^^^^^^^^
  File "/home/mediacrest/virtualenv/newhalisi/3.11/lib/python3.11/site-packages/django/utils/deprecation.py", line 133, in __call__
    response = self.process_request(request)
               ^^^^^^^^^^^^^^^^^^^^^^^^^^^^^
  File "/home/mediacrest/virtualenv/newhalisi/3.11/lib/python3.11/site-packages/django/middleware/common.py", line 48, in process_request
    host = request.get_host()
           ^^^^^^^^^^^^^^^^^^
  File "/home/mediacrest/virtualenv/newhalisi/3.11/lib/python3.11/site-packages/django/http/request.py", line 167, in get_host
    raise DisallowedHost(msg)
django.core.exceptions.DisallowedHost: Invalid HTTP_HOST header: 'www.newhalisi.mediacrest.africa'. You may need to add 'www.newhalisi.mediacrest.africa' to ALLOWED_HOSTS.
Bad Request: /favicon.ico
Invalid HTTP_HOST header: 'www.newhalisi.mediacrest.africa'. You may need to add 'www.newhalisi.mediacrest.africa' to ALLOWED_HOSTS.
Traceback (most recent call last):
  File "/home/mediacrest/virtualenv/newhalisi/3.11/lib/python3.11/site-packages/django/core/handlers/exception.py", line 55, in inner
    response = get_response(request)
               ^^^^^^^^^^^^^^^^^^^^^
  File "/home/mediacrest/virtualenv/newhalisi/3.11/lib/python3.11/site-packages/django/utils/deprecation.py", line 133, in __call__
    response = self.process_request(request)
               ^^^^^^^^^^^^^^^^^^^^^^^^^^^^^
  File "/home/mediacrest/virtualenv/newhalisi/3.11/lib/python3.11/site-packages/django/middleware/common.py", line 48, in process_request
    host = request.get_host()
           ^^^^^^^^^^^^^^^^^^
  File "/home/mediacrest/virtualenv/newhalisi/3.11/lib/python3.11/site-packages/django/http/request.py", line 167, in get_host
    raise DisallowedHost(msg)
django.core.exceptions.DisallowedHost: Invalid HTTP_HOST header: 'www.newhalisi.mediacrest.africa'. You may need to add 'www.newhalisi.mediacrest.africa' to ALLOWED_HOSTS.
Bad Request: /favicon.ico
Invalid HTTP_HOST header: 'www.newhalisi.mediacrest.africa'. You may need to add 'www.newhalisi.mediacrest.africa' to ALLOWED_HOSTS.
Traceback (most recent call last):
  File "/home/mediacrest/virtualenv/newhalisi/3.11/lib/python3.11/site-packages/django/core/handlers/exception.py", line 55, in inner
    response = get_response(request)
               ^^^^^^^^^^^^^^^^^^^^^
  File "/home/mediacrest/virtualenv/newhalisi/3.11/lib/python3.11/site-packages/django/utils/deprecation.py", line 133, in __call__
    response = self.process_request(request)
               ^^^^^^^^^^^^^^^^^^^^^^^^^^^^^
  File "/home/mediacrest/virtualenv/newhalisi/3.11/lib/python3.11/site-packages/django/middleware/common.py", line 48, in process_request
    host = request.get_host()
           ^^^^^^^^^^^^^^^^^^
  File "/home/mediacrest/virtualenv/newhalisi/3.11/lib/python3.11/site-packages/django/http/request.py", line 167, in get_host
    raise DisallowedHost(msg)
django.core.exceptions.DisallowedHost: Invalid HTTP_HOST header: 'www.newhalisi.mediacrest.africa'. You may need to add 'www.newhalisi.mediacrest.africa' to ALLOWED_HOSTS.
Bad Request: /
Invalid HTTP_HOST header: 'www.newhalisi.mediacrest.africa'. You may need to add 'www.newhalisi.mediacrest.africa' to ALLOWED_HOSTS.
Traceback (most recent call last):
  File "/home/mediacrest/virtualenv/newhalisi/3.11/lib/python3.11/site-packages/django/core/handlers/exception.py", line 55, in inner
    response = get_response(request)
               ^^^^^^^^^^^^^^^^^^^^^
  File "/home/mediacrest/virtualenv/newhalisi/3.11/lib/python3.11/site-packages/django/utils/deprecation.py", line 133, in __call__
    response = self.process_request(request)
               ^^^^^^^^^^^^^^^^^^^^^^^^^^^^^
  File "/home/mediacrest/virtualenv/newhalisi/3.11/lib/python3.11/site-packages/django/middleware/common.py", line 48, in process_request
    host = request.get_host()
           ^^^^^^^^^^^^^^^^^^
  File "/home/mediacrest/virtualenv/newhalisi/3.11/lib/python3.11/site-packages/django/http/request.py", line 167, in get_host
    raise DisallowedHost(msg)
django.core.exceptions.DisallowedHost: Invalid HTTP_HOST header: 'www.newhalisi.mediacrest.africa'. You may need to add 'www.newhalisi.mediacrest.africa' to ALLOWED_HOSTS.
Bad Request: /
Not Found: /mediacrest
Not Found: /favicon.ico
Not Found: /mediacrest
Invalid HTTP_HOST header: 'www.newhalisi.mediacrest.africa'. You may need to add 'www.newhalisi.mediacrest.africa' to ALLOWED_HOSTS.
Traceback (most recent call last):
  File "/home/mediacrest/virtualenv/newhalisi/3.11/lib/python3.11/site-packages/django/core/handlers/exception.py", line 55, in inner
    response = get_response(request)
               ^^^^^^^^^^^^^^^^^^^^^
  File "/home/mediacrest/virtualenv/newhalisi/3.11/lib/python3.11/site-packages/django/utils/deprecation.py", line 133, in __call__
    response = self.process_request(request)
               ^^^^^^^^^^^^^^^^^^^^^^^^^^^^^
  File "/home/mediacrest/virtualenv/newhalisi/3.11/lib/python3.11/site-packages/django/middleware/common.py", line 48, in process_request
    host = request.get_host()
           ^^^^^^^^^^^^^^^^^^
  File "/home/mediacrest/virtualenv/newhalisi/3.11/lib/python3.11/site-packages/django/http/request.py", line 167, in get_host
    raise DisallowedHost(msg)
django.core.exceptions.DisallowedHost: Invalid HTTP_HOST header: 'www.newhalisi.mediacrest.africa'. You may need to add 'www.newhalisi.mediacrest.africa' to ALLOWED_HOSTS.
Bad Request: /robots.txt
Invalid HTTP_HOST header: 'www.newhalisi.mediacrest.africa'. You may need to add 'www.newhalisi.mediacrest.africa' to ALLOWED_HOSTS.
Traceback (most recent call last):
  File "/home/mediacrest/virtualenv/newhalisi/3.11/lib/python3.11/site-packages/django/core/handlers/exception.py", line 55, in inner
    response = get_response(request)
               ^^^^^^^^^^^^^^^^^^^^^
  File "/home/mediacrest/virtualenv/newhalisi/3.11/lib/python3.11/site-packages/django/utils/deprecation.py", line 133, in __call__
    response = self.process_request(request)
               ^^^^^^^^^^^^^^^^^^^^^^^^^^^^^
  File "/home/mediacrest/virtualenv/newhalisi/3.11/lib/python3.11/site-packages/django/middleware/common.py", line 48, in process_request
    host = request.get_host()
           ^^^^^^^^^^^^^^^^^^
  File "/home/mediacrest/virtualenv/newhalisi/3.11/lib/python3.11/site-packages/django/http/request.py", line 167, in get_host
    raise DisallowedHost(msg)
django.core.exceptions.DisallowedHost: Invalid HTTP_HOST header: 'www.newhalisi.mediacrest.africa'. You may need to add 'www.newhalisi.mediacrest.africa' to ALLOWED_HOSTS.
Bad Request: /
Not Found: /robots.txt
Not Found: /favicon.ico
Not Found: /favicon.ico
Not Found: /ads.txt
Not Found: /ads.txt
Internal Server Error: /
Traceback (most recent call last):
  File "/home/mediacrest/virtualenv/newhalisi/3.11/lib/python3.11/site-packages/django/template/base.py", line 505, in parse
    compile_func = self.tags[command]
                   ~~~~~~~~~^^^^^^^^^
KeyError: 'break'

During handling of the above exception, another exception occurred:

Traceback (most recent call last):
  File "/home/mediacrest/virtualenv/newhalisi/3.11/lib/python3.11/site-packages/django/core/handlers/exception.py", line 55, in inner
    response = get_response(request)
               ^^^^^^^^^^^^^^^^^^^^^
  File "/home/mediacrest/virtualenv/newhalisi/3.11/lib/python3.11/site-packages/django/core/handlers/base.py", line 197, in _get_response
    response = wrapped_callback(request, *callback_args, **callback_kwargs)
               ^^^^^^^^^^^^^^^^^^^^^^^^^^^^^^^^^^^^^^^^^^^^^^^^^^^^^^^^^^^^
  File "/home/mediacrest/newhalisi/apps/website/views.py", line 13, in IndexView
    return render(request, "website/index.html", context)
           ^^^^^^^^^^^^^^^^^^^^^^^^^^^^^^^^^^^^^^^^^^^^^^
  File "/home/mediacrest/virtualenv/newhalisi/3.11/lib/python3.11/site-packages/django/shortcuts.py", line 24, in render
    content = loader.render_to_string(template_name, context, request, using=using)
              ^^^^^^^^^^^^^^^^^^^^^^^^^^^^^^^^^^^^^^^^^^^^^^^^^^^^^^^^^^^^^^^^^^^^^
  File "/home/mediacrest/virtualenv/newhalisi/3.11/lib/python3.11/site-packages/django/template/loader.py", line 61, in render_to_string
    template = get_template(template_name, using=using)
               ^^^^^^^^^^^^^^^^^^^^^^^^^^^^^^^^^^^^^^^^
  File "/home/mediacrest/virtualenv/newhalisi/3.11/lib/python3.11/site-packages/django/template/loader.py", line 15, in get_template
    return engine.get_template(template_name)
           ^^^^^^^^^^^^^^^^^^^^^^^^^^^^^^^^^^
  File "/home/mediacrest/virtualenv/newhalisi/3.11/lib/python3.11/site-packages/django/template/backends/django.py", line 33, in get_template
    return Template(self.engine.get_template(template_name), self)
                    ^^^^^^^^^^^^^^^^^^^^^^^^^^^^^^^^^^^^^^^
  File "/home/mediacrest/virtualenv/newhalisi/3.11/lib/python3.11/site-packages/django/template/engine.py", line 175, in get_template
    template, origin = self.find_template(template_name)
                       ^^^^^^^^^^^^^^^^^^^^^^^^^^^^^^^^^
  File "/home/mediacrest/virtualenv/newhalisi/3.11/lib/python3.11/site-packages/django/template/engine.py", line 157, in find_template
    template = loader.get_template(name, skip=skip)
               ^^^^^^^^^^^^^^^^^^^^^^^^^^^^^^^^^^^^
  File "/home/mediacrest/virtualenv/newhalisi/3.11/lib/python3.11/site-packages/django/template/loaders/cached.py", line 57, in get_template
    template = super().get_template(template_name, skip)
               ^^^^^^^^^^^^^^^^^^^^^^^^^^^^^^^^^^^^^^^^^
  File "/home/mediacrest/virtualenv/newhalisi/3.11/lib/python3.11/site-packages/django/template/loaders/base.py", line 28, in get_template
    return Template(
           ^^^^^^^^^
  File "/home/mediacrest/virtualenv/newhalisi/3.11/lib/python3.11/site-packages/django/template/base.py", line 154, in __init__
    self.nodelist = self.compile_nodelist()
                    ^^^^^^^^^^^^^^^^^^^^^^^
  File "/home/mediacrest/virtualenv/newhalisi/3.11/lib/python3.11/site-packages/django/template/base.py", line 200, in compile_nodelist
    return parser.parse()
           ^^^^^^^^^^^^^^
  File "/home/mediacrest/virtualenv/newhalisi/3.11/lib/python3.11/site-packages/django/template/base.py", line 513, in parse
    raise self.error(token, e)
  File "/home/mediacrest/virtualenv/newhalisi/3.11/lib/python3.11/site-packages/django/template/base.py", line 511, in parse
    compiled_result = compile_func(self, token)
                      ^^^^^^^^^^^^^^^^^^^^^^^^^
  File "/home/mediacrest/virtualenv/newhalisi/3.11/lib/python3.11/site-packages/django/template/loader_tags.py", line 293, in do_extends
    nodelist = parser.parse()
               ^^^^^^^^^^^^^^
  File "/home/mediacrest/virtualenv/newhalisi/3.11/lib/python3.11/site-packages/django/template/base.py", line 513, in parse
    raise self.error(token, e)
  File "/home/mediacrest/virtualenv/newhalisi/3.11/lib/python3.11/site-packages/django/template/base.py", line 511, in parse
    compiled_result = compile_func(self, token)
                      ^^^^^^^^^^^^^^^^^^^^^^^^^
  File "/home/mediacrest/virtualenv/newhalisi/3.11/lib/python3.11/site-packages/django/template/loader_tags.py", line 232, in do_block
    nodelist = parser.parse(("endblock",))
               ^^^^^^^^^^^^^^^^^^^^^^^^^^^
  File "/home/mediacrest/virtualenv/newhalisi/3.11/lib/python3.11/site-packages/django/template/base.py", line 513, in parse
    raise self.error(token, e)
  File "/home/mediacrest/virtualenv/newhalisi/3.11/lib/python3.11/site-packages/django/template/base.py", line 511, in parse
    compiled_result = compile_func(self, token)
                      ^^^^^^^^^^^^^^^^^^^^^^^^^
  File "/home/mediacrest/virtualenv/newhalisi/3.11/lib/python3.11/site-packages/django/template/defaulttags.py", line 853, in do_for
    nodelist_loop = parser.parse(
                    ^^^^^^^^^^^^^
  File "/home/mediacrest/virtualenv/newhalisi/3.11/lib/python3.11/site-packages/django/template/base.py", line 513, in parse
    raise self.error(token, e)
  File "/home/mediacrest/virtualenv/newhalisi/3.11/lib/python3.11/site-packages/django/template/base.py", line 511, in parse
    compiled_result = compile_func(self, token)
                      ^^^^^^^^^^^^^^^^^^^^^^^^^
  File "/home/mediacrest/virtualenv/newhalisi/3.11/lib/python3.11/site-packages/django/template/defaulttags.py", line 953, in do_if
    nodelist = parser.parse(("elif", "else", "endif"))
               ^^^^^^^^^^^^^^^^^^^^^^^^^^^^^^^^^^^^^^^
  File "/home/mediacrest/virtualenv/newhalisi/3.11/lib/python3.11/site-packages/django/template/base.py", line 507, in parse
    self.invalid_block_tag(token, command, parse_until)
  File "/home/mediacrest/virtualenv/newhalisi/3.11/lib/python3.11/site-packages/django/template/base.py", line 558, in invalid_block_tag
    raise self.error(
django.template.exceptions.TemplateSyntaxError: Invalid block tag on line 127: 'break', expected 'elif', 'else' or 'endif'. Did you forget to register or load this tag?
Not Found: /favicon.ico
Invalid HTTP_HOST header: 'www.newhalisi.mediacrest.africa'. You may need to add 'www.newhalisi.mediacrest.africa' to ALLOWED_HOSTS.
Traceback (most recent call last):
  File "/home/mediacrest/virtualenv/newhalisi/3.11/lib/python3.11/site-packages/django/core/handlers/exception.py", line 55, in inner
    response = get_response(request)
               ^^^^^^^^^^^^^^^^^^^^^
  File "/home/mediacrest/virtualenv/newhalisi/3.11/lib/python3.11/site-packages/django/utils/deprecation.py", line 133, in __call__
    response = self.process_request(request)
               ^^^^^^^^^^^^^^^^^^^^^^^^^^^^^
  File "/home/mediacrest/virtualenv/newhalisi/3.11/lib/python3.11/site-packages/django/middleware/common.py", line 48, in process_request
    host = request.get_host()
           ^^^^^^^^^^^^^^^^^^
  File "/home/mediacrest/virtualenv/newhalisi/3.11/lib/python3.11/site-packages/django/http/request.py", line 167, in get_host
    raise DisallowedHost(msg)
django.core.exceptions.DisallowedHost: Invalid HTTP_HOST header: 'www.newhalisi.mediacrest.africa'. You may need to add 'www.newhalisi.mediacrest.africa' to ALLOWED_HOSTS.
Bad Request: /
Invalid HTTP_HOST header: 'www.newhalisi.mediacrest.africa'. You may need to add 'www.newhalisi.mediacrest.africa' to ALLOWED_HOSTS.
Traceback (most recent call last):
  File "/home/mediacrest/virtualenv/newhalisi/3.11/lib/python3.11/site-packages/django/core/handlers/exception.py", line 55, in inner
    response = get_response(request)
               ^^^^^^^^^^^^^^^^^^^^^
  File "/home/mediacrest/virtualenv/newhalisi/3.11/lib/python3.11/site-packages/django/utils/deprecation.py", line 133, in __call__
    response = self.process_request(request)
               ^^^^^^^^^^^^^^^^^^^^^^^^^^^^^
  File "/home/mediacrest/virtualenv/newhalisi/3.11/lib/python3.11/site-packages/django/middleware/common.py", line 48, in process_request
    host = request.get_host()
           ^^^^^^^^^^^^^^^^^^
  File "/home/mediacrest/virtualenv/newhalisi/3.11/lib/python3.11/site-packages/django/http/request.py", line 167, in get_host
    raise DisallowedHost(msg)
django.core.exceptions.DisallowedHost: Invalid HTTP_HOST header: 'www.newhalisi.mediacrest.africa'. You may need to add 'www.newhalisi.mediacrest.africa' to ALLOWED_HOSTS.
Bad Request: /favicon.ico
Invalid HTTP_HOST header: 'www.newhalisi.mediacrest.africa'. You may need to add 'www.newhalisi.mediacrest.africa' to ALLOWED_HOSTS.
Traceback (most recent call last):
  File "/home/mediacrest/virtualenv/newhalisi/3.11/lib/python3.11/site-packages/django/core/handlers/exception.py", line 55, in inner
    response = get_response(request)
               ^^^^^^^^^^^^^^^^^^^^^
  File "/home/mediacrest/virtualenv/newhalisi/3.11/lib/python3.11/site-packages/django/utils/deprecation.py", line 133, in __call__
    response = self.process_request(request)
               ^^^^^^^^^^^^^^^^^^^^^^^^^^^^^
  File "/home/mediacrest/virtualenv/newhalisi/3.11/lib/python3.11/site-packages/django/middleware/common.py", line 48, in process_request
    host = request.get_host()
           ^^^^^^^^^^^^^^^^^^
  File "/home/mediacrest/virtualenv/newhalisi/3.11/lib/python3.11/site-packages/django/http/request.py", line 167, in get_host
    raise DisallowedHost(msg)
django.core.exceptions.DisallowedHost: Invalid HTTP_HOST header: 'www.newhalisi.mediacrest.africa'. You may need to add 'www.newhalisi.mediacrest.africa' to ALLOWED_HOSTS.
Bad Request: /ads.txt
Invalid HTTP_HOST header: 'www.newhalisi.mediacrest.africa'. You may need to add 'www.newhalisi.mediacrest.africa' to ALLOWED_HOSTS.
Traceback (most recent call last):
  File "/home/mediacrest/virtualenv/newhalisi/3.11/lib/python3.11/site-packages/django/core/handlers/exception.py", line 55, in inner
    response = get_response(request)
               ^^^^^^^^^^^^^^^^^^^^^
  File "/home/mediacrest/virtualenv/newhalisi/3.11/lib/python3.11/site-packages/django/utils/deprecation.py", line 133, in __call__
    response = self.process_request(request)
               ^^^^^^^^^^^^^^^^^^^^^^^^^^^^^
  File "/home/mediacrest/virtualenv/newhalisi/3.11/lib/python3.11/site-packages/django/middleware/common.py", line 48, in process_request
    host = request.get_host()
           ^^^^^^^^^^^^^^^^^^
  File "/home/mediacrest/virtualenv/newhalisi/3.11/lib/python3.11/site-packages/django/http/request.py", line 167, in get_host
    raise DisallowedHost(msg)
django.core.exceptions.DisallowedHost: Invalid HTTP_HOST header: 'www.newhalisi.mediacrest.africa'. You may need to add 'www.newhalisi.mediacrest.africa' to ALLOWED_HOSTS.
Bad Request: /
Invalid HTTP_HOST header: 'www.newhalisi.mediacrest.africa'. You may need to add 'www.newhalisi.mediacrest.africa' to ALLOWED_HOSTS.
Traceback (most recent call last):
  File "/home/mediacrest/virtualenv/newhalisi/3.11/lib/python3.11/site-packages/django/core/handlers/exception.py", line 55, in inner
    response = get_response(request)
               ^^^^^^^^^^^^^^^^^^^^^
  File "/home/mediacrest/virtualenv/newhalisi/3.11/lib/python3.11/site-packages/django/utils/deprecation.py", line 133, in __call__
    response = self.process_request(request)
               ^^^^^^^^^^^^^^^^^^^^^^^^^^^^^
  File "/home/mediacrest/virtualenv/newhalisi/3.11/lib/python3.11/site-packages/django/middleware/common.py", line 48, in process_request
    host = request.get_host()
           ^^^^^^^^^^^^^^^^^^
  File "/home/mediacrest/virtualenv/newhalisi/3.11/lib/python3.11/site-packages/django/http/request.py", line 167, in get_host
    raise DisallowedHost(msg)
django.core.exceptions.DisallowedHost: Invalid HTTP_HOST header: 'www.newhalisi.mediacrest.africa'. You may need to add 'www.newhalisi.mediacrest.africa' to ALLOWED_HOSTS.
Bad Request: /favicon.ico
Invalid HTTP_HOST header: 'www.newhalisi.mediacrest.africa'. You may need to add 'www.newhalisi.mediacrest.africa' to ALLOWED_HOSTS.
Traceback (most recent call last):
  File "/home/mediacrest/virtualenv/newhalisi/3.11/lib/python3.11/site-packages/django/core/handlers/exception.py", line 55, in inner
    response = get_response(request)
               ^^^^^^^^^^^^^^^^^^^^^
  File "/home/mediacrest/virtualenv/newhalisi/3.11/lib/python3.11/site-packages/django/utils/deprecation.py", line 133, in __call__
    response = self.process_request(request)
               ^^^^^^^^^^^^^^^^^^^^^^^^^^^^^
  File "/home/mediacrest/virtualenv/newhalisi/3.11/lib/python3.11/site-packages/django/middleware/common.py", line 48, in process_request
    host = request.get_host()
           ^^^^^^^^^^^^^^^^^^
  File "/home/mediacrest/virtualenv/newhalisi/3.11/lib/python3.11/site-packages/django/http/request.py", line 167, in get_host
    raise DisallowedHost(msg)
django.core.exceptions.DisallowedHost: Invalid HTTP_HOST header: 'www.newhalisi.mediacrest.africa'. You may need to add 'www.newhalisi.mediacrest.africa' to ALLOWED_HOSTS.
Bad Request: /ads.txt
Not Found: /favicon.ico
Not Found: /static/website/images/others/partnership2.jpg
Not Found: /static/website/images/others/partnership2.jpg
Not Found: /static/website/images/others/partnership2.jpg
Not Found: /static/website/images/others/partnership2.jpg
Not Found: /static/website/images/others/partnership2.jpg
Not Found: /static/website/images/others/partnership2.jpg
Not Found: /static/website/images/others/partnership2.jpg
Not Found: /static/website/images/others/partnership2.jpg
Not Found: /static/website/images/others/partnership2.jpg
Not Found: /static/website/images/others/partnership2.jpg
[UID:1572][2250940] Child process with pid: 2587590 was killed by signal: 15, core dumped: no
[UID:1572][2250940] Child process with pid: 2586763 was killed by signal: 15, core dumped: no
[UID:1572][2250940] Child process with pid: 2616985 was killed by signal: 15, core dumped: no
